2017-02-11 15:28:34 [127.0.0.1][-][-][error][yii\base\InvalidParamException] yii\base\InvalidParamException: The view file does not exist: /app/yii-giant/app/admin/app/views/site/index/index.tpl in /app/yii-giant/frame/base/View.php:226
Stack trace:
#0 /app/yii-giant/frame/base/View.php(149): yii\base\View->renderFile('/app/yii-giant/...', Array, Object(admin\modules\home\controllers\IndexController))
#1 /app/yii-giant/frame/base/Controller.php(367): yii\base\View->render('index.tpl', Array, Object(admin\modules\home\controllers\IndexController))
#2 /app/yii-giant/app/admin/app/base/BaseController.php(60): yii\base\Controller->render('index.tpl', Array)
#3 /app/yii-giant/app/admin/app/modules/home/controllers/IndexController.php(26): admin\base\BaseController->autoRender()
#4 [internal function]: admin\modules\home\controllers\IndexController->actionIndex()
#5 /app/yii-giant/frame/base/InlineAction.php(55): call_user_func_array(Array, Array)
#6 /app/yii-giant/frame/base/Controller.php(151): yii\base\InlineAction->runWithParams(Array)
#7 /app/yii-giant/frame/base/Module.php(455): yii\base\Controller->runAction('index', Array)
#8 /app/yii-giant/frame/web/Application.php(83): yii\base\Module->runAction('', Array)
#9 /app/yii-giant/frame/base/Application.php(375): yii\web\Application->handleRequest(Object(yii\web\Request))
#10 /app/yii-giant/app/admin/public/index.php(60): yii\base\Application->run()
#11 {main}
2017-02-11 15:28:34 [127.0.0.1][-][-][info][application] $_SERVER = [
    'USER' => '_www'
    'HOME' => '/Library/WebServer'
    'HTTP_UPGRADE_INSECURE_REQUESTS' => '1'
    'HTTP_CONNECTION' => 'keep-alive'
    'HTTP_ACCEPT_ENCODING' => 'gzip, deflate'
    'HTTP_ACCEPT_LANGUAGE' => 'zh-CN,zh;q=0.8,en-US;q=0.5,en;q=0.3'
    'HTTP_ACCEPT' => 'text/html,application/xhtml+xml,application/xml;q=0.9,*/*;q=0.8'
    'HTTP_USER_AGENT' => 'Mozilla/5.0 (Macintosh; Intel Mac OS X 10.12; rv:51.0) Gecko/20100101 Firefox/51.0'
    'HTTP_HOST' => 'admin.yii-giant.com'
    'REDIRECT_STATUS' => '200'
    'SERVER_NAME' => 'admin.yii-giant.com'
    'SERVER_PORT' => '80'
    'SERVER_ADDR' => '127.0.0.1'
    'REMOTE_PORT' => '49786'
    'REMOTE_ADDR' => '127.0.0.1'
    'SERVER_SOFTWARE' => 'nginx/1.8.0'
    'GATEWAY_INTERFACE' => 'CGI/1.1'
    'SERVER_PROTOCOL' => 'HTTP/1.1'
    'DOCUMENT_ROOT' => '/app/yii-giant/app/admin/public'
    'DOCUMENT_URI' => '/index.php'
    'REQUEST_URI' => '/'
    'SCRIPT_NAME' => '/index.php'
    'CONTENT_LENGTH' => ''
    'CONTENT_TYPE' => ''
    'REQUEST_METHOD' => 'GET'
    'QUERY_STRING' => ''
    'SCRIPT_FILENAME' => '/app/yii-giant/app/admin/public//index.php'
    'FCGI_ROLE' => 'RESPONDER'
    'PHP_SELF' => '/index.php'
    'REQUEST_TIME_FLOAT' => 1486826914.4202
    'REQUEST_TIME' => 1486826914
]
2017-02-11 15:28:37 [127.0.0.1][-][-][error][yii\base\InvalidParamException] yii\base\InvalidParamException: The view file does not exist: /app/yii-giant/app/admin/app/views/site/index/index.tpl in /app/yii-giant/frame/base/View.php:226
Stack trace:
#0 /app/yii-giant/frame/base/View.php(149): yii\base\View->renderFile('/app/yii-giant/...', Array, Object(admin\modules\home\controllers\IndexController))
#1 /app/yii-giant/frame/base/Controller.php(367): yii\base\View->render('index.tpl', Array, Object(admin\modules\home\controllers\IndexController))
#2 /app/yii-giant/app/admin/app/base/BaseController.php(60): yii\base\Controller->render('index.tpl', Array)
#3 /app/yii-giant/app/admin/app/modules/home/controllers/IndexController.php(26): admin\base\BaseController->autoRender()
#4 [internal function]: admin\modules\home\controllers\IndexController->actionIndex()
#5 /app/yii-giant/frame/base/InlineAction.php(55): call_user_func_array(Array, Array)
#6 /app/yii-giant/frame/base/Controller.php(151): yii\base\InlineAction->runWithParams(Array)
#7 /app/yii-giant/frame/base/Module.php(455): yii\base\Controller->runAction('index', Array)
#8 /app/yii-giant/frame/web/Application.php(83): yii\base\Module->runAction('', Array)
#9 /app/yii-giant/frame/base/Application.php(375): yii\web\Application->handleRequest(Object(yii\web\Request))
#10 /app/yii-giant/app/admin/public/index.php(60): yii\base\Application->run()
#11 {main}
2017-02-11 15:28:37 [127.0.0.1][-][-][info][application] $_SERVER = [
    'USER' => '_www'
    'HOME' => '/Library/WebServer'
    'HTTP_CACHE_CONTROL' => 'max-age=0'
    'HTTP_UPGRADE_INSECURE_REQUESTS' => '1'
    'HTTP_CONNECTION' => 'keep-alive'
    'HTTP_ACCEPT_ENCODING' => 'gzip, deflate'
    'HTTP_ACCEPT_LANGUAGE' => 'zh-CN,zh;q=0.8,en-US;q=0.5,en;q=0.3'
    'HTTP_ACCEPT' => 'text/html,application/xhtml+xml,application/xml;q=0.9,*/*;q=0.8'
    'HTTP_USER_AGENT' => 'Mozilla/5.0 (Macintosh; Intel Mac OS X 10.12; rv:51.0) Gecko/20100101 Firefox/51.0'
    'HTTP_HOST' => 'admin.yii-giant.com'
    'REDIRECT_STATUS' => '200'
    'SERVER_NAME' => 'admin.yii-giant.com'
    'SERVER_PORT' => '80'
    'SERVER_ADDR' => '127.0.0.1'
    'REMOTE_PORT' => '49786'
    'REMOTE_ADDR' => '127.0.0.1'
    'SERVER_SOFTWARE' => 'nginx/1.8.0'
    'GATEWAY_INTERFACE' => 'CGI/1.1'
    'SERVER_PROTOCOL' => 'HTTP/1.1'
    'DOCUMENT_ROOT' => '/app/yii-giant/app/admin/public'
    'DOCUMENT_URI' => '/index.php'
    'REQUEST_URI' => '/'
    'SCRIPT_NAME' => '/index.php'
    'CONTENT_LENGTH' => ''
    'CONTENT_TYPE' => ''
    'REQUEST_METHOD' => 'GET'
    'QUERY_STRING' => ''
    'SCRIPT_FILENAME' => '/app/yii-giant/app/admin/public//index.php'
    'FCGI_ROLE' => 'RESPONDER'
    'PHP_SELF' => '/index.php'
    'REQUEST_TIME_FLOAT' => 1486826917.7493
    'REQUEST_TIME' => 1486826917
]
2017-02-11 15:28:40 [127.0.0.1][-][-][error][yii\base\InvalidParamException] yii\base\InvalidParamException: The view file does not exist: /app/yii-giant/app/admin/app/views/site/index/index.tpl in /app/yii-giant/frame/base/View.php:226
Stack trace:
#0 /app/yii-giant/frame/base/View.php(149): yii\base\View->renderFile('/app/yii-giant/...', Array, Object(admin\modules\home\controllers\IndexController))
#1 /app/yii-giant/frame/base/Controller.php(367): yii\base\View->render('index.tpl', Array, Object(admin\modules\home\controllers\IndexController))
#2 /app/yii-giant/app/admin/app/base/BaseController.php(60): yii\base\Controller->render('index.tpl', Array)
#3 /app/yii-giant/app/admin/app/modules/home/controllers/IndexController.php(26): admin\base\BaseController->autoRender()
#4 [internal function]: admin\modules\home\controllers\IndexController->actionIndex()
#5 /app/yii-giant/frame/base/InlineAction.php(55): call_user_func_array(Array, Array)
#6 /app/yii-giant/frame/base/Controller.php(151): yii\base\InlineAction->runWithParams(Array)
#7 /app/yii-giant/frame/base/Module.php(455): yii\base\Controller->runAction('index', Array)
#8 /app/yii-giant/frame/web/Application.php(83): yii\base\Module->runAction('', Array)
#9 /app/yii-giant/frame/base/Application.php(375): yii\web\Application->handleRequest(Object(yii\web\Request))
#10 /app/yii-giant/app/admin/public/index.php(60): yii\base\Application->run()
#11 {main}
2017-02-11 15:28:40 [127.0.0.1][-][-][info][application] $_SERVER = [
    'USER' => '_www'
    'HOME' => '/Library/WebServer'
    'HTTP_CACHE_CONTROL' => 'max-age=0'
    'HTTP_UPGRADE_INSECURE_REQUESTS' => '1'
    'HTTP_CONNECTION' => 'keep-alive'
    'HTTP_ACCEPT_ENCODING' => 'gzip, deflate'
    'HTTP_ACCEPT_LANGUAGE' => 'zh-CN,zh;q=0.8,en-US;q=0.5,en;q=0.3'
    'HTTP_ACCEPT' => 'text/html,application/xhtml+xml,application/xml;q=0.9,*/*;q=0.8'
    'HTTP_USER_AGENT' => 'Mozilla/5.0 (Macintosh; Intel Mac OS X 10.12; rv:51.0) Gecko/20100101 Firefox/51.0'
    'HTTP_HOST' => 'admin.yii-giant.com'
    'REDIRECT_STATUS' => '200'
    'SERVER_NAME' => 'admin.yii-giant.com'
    'SERVER_PORT' => '80'
    'SERVER_ADDR' => '127.0.0.1'
    'REMOTE_PORT' => '49786'
    'REMOTE_ADDR' => '127.0.0.1'
    'SERVER_SOFTWARE' => 'nginx/1.8.0'
    'GATEWAY_INTERFACE' => 'CGI/1.1'
    'SERVER_PROTOCOL' => 'HTTP/1.1'
    'DOCUMENT_ROOT' => '/app/yii-giant/app/admin/public'
    'DOCUMENT_URI' => '/index.php'
    'REQUEST_URI' => '/'
    'SCRIPT_NAME' => '/index.php'
    'CONTENT_LENGTH' => ''
    'CONTENT_TYPE' => ''
    'REQUEST_METHOD' => 'GET'
    'QUERY_STRING' => ''
    'SCRIPT_FILENAME' => '/app/yii-giant/app/admin/public//index.php'
    'FCGI_ROLE' => 'RESPONDER'
    'PHP_SELF' => '/index.php'
    'REQUEST_TIME_FLOAT' => 1486826920.429
    'REQUEST_TIME' => 1486826920
]
2017-02-11 15:48:52 [127.0.0.1][-][-][error][yii\web\HttpException:404] yii\base\InvalidRouteException: Unable to resolve the request "w_panel.html". in /app/yii-giant/frame/base/Module.php:461
Stack trace:
#0 /app/yii-giant/frame/web/Application.php(83): yii\base\Module->runAction('w_panel.html', Array)
#1 /app/yii-giant/frame/base/Application.php(375): yii\web\Application->handleRequest(Object(yii\web\Request))
#2 /app/yii-giant/app/admin/public/index.php(60): yii\base\Application->run()
#3 {main}

Next yii\web\NotFoundHttpException: 页面未找到。 in /app/yii-giant/frame/web/Application.php:95
Stack trace:
#0 /app/yii-giant/frame/base/Application.php(375): yii\web\Application->handleRequest(Object(yii\web\Request))
#1 /app/yii-giant/app/admin/public/index.php(60): yii\base\Application->run()
#2 {main}
2017-02-11 15:48:52 [127.0.0.1][-][-][info][application] $_GET = [
    '_' => '1486828116463'
]

$_SERVER = [
    'USER' => '_www'
    'HOME' => '/Library/WebServer'
    'HTTP_CONNECTION' => 'keep-alive'
    'HTTP_REFERER' => 'http://admin.yii-giant.com/'
    'HTTP_X_REQUESTED_WITH' => 'XMLHttpRequest'
    'HTTP_ACCEPT_ENCODING' => 'gzip, deflate'
    'HTTP_ACCEPT_LANGUAGE' => 'zh-CN,zh;q=0.8,en-US;q=0.5,en;q=0.3'
    'HTTP_ACCEPT' => '*/*'
    'HTTP_USER_AGENT' => 'Mozilla/5.0 (Macintosh; Intel Mac OS X 10.12; rv:51.0) Gecko/20100101 Firefox/51.0'
    'HTTP_HOST' => 'admin.yii-giant.com'
    'REDIRECT_STATUS' => '200'
    'SERVER_NAME' => 'admin.yii-giant.com'
    'SERVER_PORT' => '80'
    'SERVER_ADDR' => '127.0.0.1'
    'REMOTE_PORT' => '50106'
    'REMOTE_ADDR' => '127.0.0.1'
    'SERVER_SOFTWARE' => 'nginx/1.8.0'
    'GATEWAY_INTERFACE' => 'CGI/1.1'
    'SERVER_PROTOCOL' => 'HTTP/1.1'
    'DOCUMENT_ROOT' => '/app/yii-giant/app/admin/public'
    'DOCUMENT_URI' => '/index.php'
    'REQUEST_URI' => '/w_panel.html?_=1486828116463'
    'SCRIPT_NAME' => '/index.php'
    'CONTENT_LENGTH' => ''
    'CONTENT_TYPE' => ''
    'REQUEST_METHOD' => 'GET'
    'QUERY_STRING' => '_=1486828116463'
    'SCRIPT_FILENAME' => '/app/yii-giant/app/admin/public//index.php'
    'FCGI_ROLE' => 'RESPONDER'
    'PHP_SELF' => '/index.php'
    'REQUEST_TIME_FLOAT' => 1486828132.9709
    'REQUEST_TIME' => 1486828132
]
2017-02-11 15:48:55 [127.0.0.1][-][-][error][yii\web\HttpException:404] yii\base\InvalidRouteException: Unable to resolve the request "w_validation.html". in /app/yii-giant/frame/base/Module.php:461
Stack trace:
#0 /app/yii-giant/frame/web/Application.php(83): yii\base\Module->runAction('w_validation.ht...', Array)
#1 /app/yii-giant/frame/base/Application.php(375): yii\web\Application->handleRequest(Object(yii\web\Request))
#2 /app/yii-giant/app/admin/public/index.php(60): yii\base\Application->run()
#3 {main}

Next yii\web\NotFoundHttpException: 页面未找到。 in /app/yii-giant/frame/web/Application.php:95
Stack trace:
#0 /app/yii-giant/frame/base/Application.php(375): yii\web\Application->handleRequest(Object(yii\web\Request))
#1 /app/yii-giant/app/admin/public/index.php(60): yii\base\Application->run()
#2 {main}
2017-02-11 15:48:55 [127.0.0.1][-][-][info][application] $_GET = [
    '_' => '1486828116464'
]

$_SERVER = [
    'USER' => '_www'
    'HOME' => '/Library/WebServer'
    'HTTP_CONNECTION' => 'keep-alive'
    'HTTP_REFERER' => 'http://admin.yii-giant.com/'
    'HTTP_X_REQUESTED_WITH' => 'XMLHttpRequest'
    'HTTP_ACCEPT_ENCODING' => 'gzip, deflate'
    'HTTP_ACCEPT_LANGUAGE' => 'zh-CN,zh;q=0.8,en-US;q=0.5,en;q=0.3'
    'HTTP_ACCEPT' => '*/*'
    'HTTP_USER_AGENT' => 'Mozilla/5.0 (Macintosh; Intel Mac OS X 10.12; rv:51.0) Gecko/20100101 Firefox/51.0'
    'HTTP_HOST' => 'admin.yii-giant.com'
    'REDIRECT_STATUS' => '200'
    'SERVER_NAME' => 'admin.yii-giant.com'
    'SERVER_PORT' => '80'
    'SERVER_ADDR' => '127.0.0.1'
    'REMOTE_PORT' => '50106'
    'REMOTE_ADDR' => '127.0.0.1'
    'SERVER_SOFTWARE' => 'nginx/1.8.0'
    'GATEWAY_INTERFACE' => 'CGI/1.1'
    'SERVER_PROTOCOL' => 'HTTP/1.1'
    'DOCUMENT_ROOT' => '/app/yii-giant/app/admin/public'
    'DOCUMENT_URI' => '/index.php'
    'REQUEST_URI' => '/w_validation.html?_=1486828116464'
    'SCRIPT_NAME' => '/index.php'
    'CONTENT_LENGTH' => ''
    'CONTENT_TYPE' => ''
    'REQUEST_METHOD' => 'GET'
    'QUERY_STRING' => '_=1486828116464'
    'SCRIPT_FILENAME' => '/app/yii-giant/app/admin/public//index.php'
    'FCGI_ROLE' => 'RESPONDER'
    'PHP_SELF' => '/index.php'
    'REQUEST_TIME_FLOAT' => 1486828135.3671
    'REQUEST_TIME' => 1486828135
]
2017-02-11 15:48:56 [127.0.0.1][-][-][error][yii\web\HttpException:404] yii\base\InvalidRouteException: Unable to resolve the request "demo/pagination/layout2.html". in /app/yii-giant/frame/base/Module.php:461
Stack trace:
#0 /app/yii-giant/frame/web/Application.php(83): yii\base\Module->runAction('demo/pagination...', Array)
#1 /app/yii-giant/frame/base/Application.php(375): yii\web\Application->handleRequest(Object(yii\web\Request))
#2 /app/yii-giant/app/admin/public/index.php(60): yii\base\Application->run()
#3 {main}

Next yii\web\NotFoundHttpException: 页面未找到。 in /app/yii-giant/frame/web/Application.php:95
Stack trace:
#0 /app/yii-giant/frame/base/Application.php(375): yii\web\Application->handleRequest(Object(yii\web\Request))
#1 /app/yii-giant/app/admin/public/index.php(60): yii\base\Application->run()
#2 {main}
2017-02-11 15:48:56 [127.0.0.1][-][-][info][application] $_GET = [
    '_' => '1486828116465'
]

$_SERVER = [
    'USER' => '_www'
    'HOME' => '/Library/WebServer'
    'HTTP_CONNECTION' => 'keep-alive'
    'HTTP_REFERER' => 'http://admin.yii-giant.com/'
    'HTTP_X_REQUESTED_WITH' => 'XMLHttpRequest'
    'HTTP_ACCEPT_ENCODING' => 'gzip, deflate'
    'HTTP_ACCEPT_LANGUAGE' => 'zh-CN,zh;q=0.8,en-US;q=0.5,en;q=0.3'
    'HTTP_ACCEPT' => '*/*'
    'HTTP_USER_AGENT' => 'Mozilla/5.0 (Macintosh; Intel Mac OS X 10.12; rv:51.0) Gecko/20100101 Firefox/51.0'
    'HTTP_HOST' => 'admin.yii-giant.com'
    'REDIRECT_STATUS' => '200'
    'SERVER_NAME' => 'admin.yii-giant.com'
    'SERVER_PORT' => '80'
    'SERVER_ADDR' => '127.0.0.1'
    'REMOTE_PORT' => '50106'
    'REMOTE_ADDR' => '127.0.0.1'
    'SERVER_SOFTWARE' => 'nginx/1.8.0'
    'GATEWAY_INTERFACE' => 'CGI/1.1'
    'SERVER_PROTOCOL' => 'HTTP/1.1'
    'DOCUMENT_ROOT' => '/app/yii-giant/app/admin/public'
    'DOCUMENT_URI' => '/index.php'
    'REQUEST_URI' => '/demo/pagination/layout2.html?_=1486828116465'
    'SCRIPT_NAME' => '/index.php'
    'CONTENT_LENGTH' => ''
    'CONTENT_TYPE' => ''
    'REQUEST_METHOD' => 'GET'
    'QUERY_STRING' => '_=1486828116465'
    'SCRIPT_FILENAME' => '/app/yii-giant/app/admin/public//index.php'
    'FCGI_ROLE' => 'RESPONDER'
    'PHP_SELF' => '/index.php'
    'REQUEST_TIME_FLOAT' => 1486828136.6951
    'REQUEST_TIME' => 1486828136
]
2017-02-11 15:48:57 [127.0.0.1][-][-][error][yii\web\HttpException:404] yii\base\InvalidRouteException: Unable to resolve the request "demo/pagination/layout1.html". in /app/yii-giant/frame/base/Module.php:461
Stack trace:
#0 /app/yii-giant/frame/web/Application.php(83): yii\base\Module->runAction('demo/pagination...', Array)
#1 /app/yii-giant/frame/base/Application.php(375): yii\web\Application->handleRequest(Object(yii\web\Request))
#2 /app/yii-giant/app/admin/public/index.php(60): yii\base\Application->run()
#3 {main}

Next yii\web\NotFoundHttpException: 页面未找到。 in /app/yii-giant/frame/web/Application.php:95
Stack trace:
#0 /app/yii-giant/frame/base/Application.php(375): yii\web\Application->handleRequest(Object(yii\web\Request))
#1 /app/yii-giant/app/admin/public/index.php(60): yii\base\Application->run()
#2 {main}
2017-02-11 15:48:57 [127.0.0.1][-][-][info][application] $_GET = [
    '_' => '1486828116466'
]

$_SERVER = [
    'USER' => '_www'
    'HOME' => '/Library/WebServer'
    'HTTP_CONNECTION' => 'keep-alive'
    'HTTP_REFERER' => 'http://admin.yii-giant.com/'
    'HTTP_X_REQUESTED_WITH' => 'XMLHttpRequest'
    'HTTP_ACCEPT_ENCODING' => 'gzip, deflate'
    'HTTP_ACCEPT_LANGUAGE' => 'zh-CN,zh;q=0.8,en-US;q=0.5,en;q=0.3'
    'HTTP_ACCEPT' => '*/*'
    'HTTP_USER_AGENT' => 'Mozilla/5.0 (Macintosh; Intel Mac OS X 10.12; rv:51.0) Gecko/20100101 Firefox/51.0'
    'HTTP_HOST' => 'admin.yii-giant.com'
    'REDIRECT_STATUS' => '200'
    'SERVER_NAME' => 'admin.yii-giant.com'
    'SERVER_PORT' => '80'
    'SERVER_ADDR' => '127.0.0.1'
    'REMOTE_PORT' => '50106'
    'REMOTE_ADDR' => '127.0.0.1'
    'SERVER_SOFTWARE' => 'nginx/1.8.0'
    'GATEWAY_INTERFACE' => 'CGI/1.1'
    'SERVER_PROTOCOL' => 'HTTP/1.1'
    'DOCUMENT_ROOT' => '/app/yii-giant/app/admin/public'
    'DOCUMENT_URI' => '/index.php'
    'REQUEST_URI' => '/demo/pagination/layout1.html?_=1486828116466'
    'SCRIPT_NAME' => '/index.php'
    'CONTENT_LENGTH' => ''
    'CONTENT_TYPE' => ''
    'REQUEST_METHOD' => 'GET'
    'QUERY_STRING' => '_=1486828116466'
    'SCRIPT_FILENAME' => '/app/yii-giant/app/admin/public//index.php'
    'FCGI_ROLE' => 'RESPONDER'
    'PHP_SELF' => '/index.php'
    'REQUEST_TIME_FLOAT' => 1486828137.466
    'REQUEST_TIME' => 1486828137
]
